<?xml version="1.0" encoding="UTF-8"?>
<!-- Generated by org.testng.reporters.JUnitReportReporter -->
<testsuite skipped="0" hostname="shidur-Satellite-C55D-B" name="database.ConnectMySQL" tests="1" failures="0" timestamp="15 Dec 2017 15:39:58 GMT" time="1.588" errors="0">
  <testcase name="TestDB" time="1.588" classname="database.ConnectMySQL"/>
</testsuite> <!-- database.ConnectMySQL -->
